#
# There is insufficient memory for the Java Runtime Environment to continue.
# Native memory allocation (malloc) failed to allocate 1330736 bytes for Chunk::new
# Possible reasons:
#   The system is out of physical RAM or swap space
#   The process is running with CompressedOops enabled, and the Java Heap may be blocking the growth of the native heap
# Possible solutions:
#   Reduce memory load on the system
#   Increase physical memory or swap space
#   Check if swap backing store is full
#   Decrease Java heap size (-Xmx/-Xms)
#   Decrease number of Java threads
#   Decrease Java thread stack sizes (-Xss)
#   Set larger code cache with -XX:ReservedCodeCacheSize=
#   JVM is running with Unscaled Compressed Oops mode in which the Java heap is
#     placed in the first 4GB address space. The Java Heap base address is the
#     maximum limit for the native heap growth. Please use -XX:HeapBaseMinAddress
#     to set the Java Heap base and to place the Java Heap above 4GB virtual address.
# This output file may be truncated or incomplete.
#
#  Out of Memory Error (allocation.cpp:389), pid=7816, tid=0x00000000000000e8
#
# JRE version: Java(TM) SE Runtime Environment (8.0_211-b12) (build 1.8.0_211-b12)
# Java VM: Java HotSpot(TM) 64-Bit Server VM (25.211-b12 mixed mode windows-amd64 compressed oops)
# Failed to write core dump. Minidumps are not enabled by default on client versions of Windows
#

---------------  T H R E A D  ---------------

Current thread (0x00000000172e1000):  JavaThread "C2 CompilerThread0" daemon [_thread_in_native, id=232, stack(0x0000000018e10000,0x0000000018f10000)]

Stack: [0x0000000018e10000,0x0000000018f10000]
[error occurred during error reporting (printing stack bounds), id 0xc0000005]

Native frames: (J=compiled Java code, j=interpreted, Vv=VM code, C=native code)


Current CompileTask:
C2:   6262 2829   !   4       org.codehaus.plexus.interpolation.StringSearchInterpolator::interpolate (655 bytes)


---------------  P R O C E S S  ---------------

Java Threads: ( => current thread )
  0x00000000189cb000 JavaThread "Service Thread" daemon [_thread_blocked, id=18104, stack(0x0000000019110000,0x0000000019210000)]
  0x00000000172e6000 JavaThread "C1 CompilerThread2" daemon [_thread_in_vm, id=17608, stack(0x0000000019010000,0x0000000019110000)]
  0x00000000172e5000 JavaThread "C2 CompilerThread1" daemon [_thread_blocked, id=17404, stack(0x0000000018f10000,0x0000000019010000)]
=>0x00000000172e1000 JavaThread "C2 CompilerThread0" daemon [_thread_in_native, id=232, stack(0x0000000018e10000,0x0000000018f10000)]
  0x00000000172ca000 JavaThread "Monitor Ctrl-Break" daemon [_thread_in_native, id=1228, stack(0x0000000018d10000,0x0000000018e10000)]
  0x00000000172b9800 JavaThread "Attach Listener" daemon [_thread_blocked, id=19084, stack(0x0000000018810000,0x0000000018910000)]
  0x00000000172b6800 JavaThread "Signal Dispatcher" daemon [_thread_blocked, id=6192, stack(0x0000000018710000,0x0000000018810000)]
  0x000000000277c000 JavaThread "Finalizer" daemon [_thread_blocked, id=12744, stack(0x0000000018500000,0x0000000018600000)]
  0x0000000002773000 JavaThread "Reference Handler" daemon [_thread_blocked, id=18188, stack(0x0000000018400000,0x0000000018500000)]
  0x0000000002682800 JavaThread "main" [_thread_in_native, id=19660, stack(0x0000000002380000,0x0000000002480000)]

Other Threads:
  0x0000000017277800 VMThread [stack: 0x0000000018300000,0x0000000018400000] [id=5860]
  0x00000000189ce800 WatcherThread [stack: 0x0000000019210000,0x0000000019310000] [id=10488]

VM state:not at safepoint (normal execution)

VM Mutex/Monitor currently owned by a thread: None

heap address: 0x0000000081c00000, size: 2020 MB, Compressed Oops mode: 32-bit
Narrow klass base: 0x0000000000000000, Narrow klass shift: 3
Compressed class space size: 1073741824 Address: 0x0000000100000000

Heap:
 PSYoungGen      total 71680K, used 15734K [0x00000000d5f00000, 0x00000000dfe00000, 0x0000000100000000)
  eden space 66560K, 15% used [0x00000000d5f00000,0x00000000d695d9c0,0x00000000da000000)
  from space 5120K, 100% used [0x00000000da000000,0x00000000da500000,0x00000000da500000)
  to   space 14848K, 0% used [0x00000000def80000,0x00000000def80000,0x00000000dfe00000)
 ParOldGen       total 87552K, used 18009K [0x0000000081c00000, 0x0000000087180000, 0x00000000d5f00000)
  object space 87552K, 20% used [0x0000000081c00000,0x0000000082d96790,0x0000000087180000)
 Metaspace       used 15749K, capacity 16024K, committed 16384K, reserved 1062912K
  class space    used 1869K, capacity 1950K, committed 2048K, reserved 1048576K

Card table byte_map: [0x0000000011b40000,0x0000000011f40000] byte_map_base: 0x0000000011732000

Marking Bits: (ParMarkBitMap*) 0x000000006b315ce0
 Begin Bits: [0x00000000125f0000, 0x0000000014580000)
 End Bits:   [0x0000000014580000, 0x0000000016510000)

Polling page: 0x0000000000720000

CodeCache: size=245760Kb used=10187Kb max_used=10187Kb free=235572Kb
 bounds [0x0000000002780000, 0x0000000003180000, 0x0000000011780000]
 total_blobs=3195 nmethods=2852 adapters=255
 compilation: enabled

Compilation events (10 events):
Event: 6.249 Thread 0x00000000172e6000 nmethod 2853 0x0000000003177190 code [0x0000000003177300, 0x0000000003177628]
Event: 6.249 Thread 0x00000000172e6000 2854       3       java.io.File::getParent (65 bytes)
Event: 6.249 Thread 0x00000000172e6000 nmethod 2854 0x0000000003176790 code [0x0000000003176940, 0x0000000003176f88]
Event: 6.258 Thread 0x00000000172e6000 2855       3       org.eclipse.aether.resolution.VersionRequest::setTrace (7 bytes)
Event: 6.258 Thread 0x00000000172e6000 nmethod 2855 0x0000000003176450 code [0x00000000031765a0, 0x0000000003176710]
Event: 6.258 Thread 0x00000000172e6000 2858       3       org.apache.maven.repository.internal.DefaultVersionResolver$Key::<init> (314 bytes)
Event: 6.260 Thread 0x00000000172e6000 nmethod 2858 0x0000000003179b10 code [0x0000000003179e60, 0x000000000317bbd8]
Event: 6.260 Thread 0x00000000172e6000 2860       3       org.eclipse.aether.internal.impl.CacheUtils::repositoriesHashCode (44 bytes)
Event: 6.261 Thread 0x00000000172e6000 nmethod 2860 0x0000000003175890 code [0x0000000003175a60, 0x0000000003176178]
Event: 6.261 Thread 0x00000000172e6000 2856       3       org.apache.maven.repository.internal.DefaultVersionResolver::resolveVersion (952 bytes)

GC Heap History (10 events):
Event: 1.277 GC heap before
{Heap before GC invocations=1 (full 0):
 PSYoungGen      total 38400K, used 33280K [0x00000000d5f00000, 0x00000000d8980000, 0x0000000100000000)
  eden space 33280K, 100% used [0x00000000d5f00000,0x00000000d7f80000,0x00000000d7f80000)
  from space 5120K, 0% used [0x00000000d8480000,0x00000000d8480000,0x00000000d8980000)
  to   space 5120K, 0% used [0x00000000d7f80000,0x00000000d7f80000,0x00000000d8480000)
 ParOldGen       total 87552K, used 0K [0x0000000081c00000, 0x0000000087180000, 0x00000000d5f00000)
  object space 87552K, 0% used [0x0000000081c00000,0x0000000081c00000,0x0000000087180000)
 Metaspace       used 8144K, capacity 8232K, committed 8320K, reserved 1056768K
  class space    used 1012K, capacity 1084K, committed 1152K, reserved 1048576K
Event: 1.283 GC heap after
Heap after GC invocations=1 (full 0):
 PSYoungGen      total 38400K, used 4799K [0x00000000d5f00000, 0x00000000d8980000, 0x0000000100000000)
  eden space 33280K, 0% used [0x00000000d5f00000,0x00000000d5f00000,0x00000000d7f80000)
  from space 5120K, 93% used [0x00000000d7f80000,0x00000000d842fd80,0x00000000d8480000)
  to   space 5120K, 0% used [0x00000000d8480000,0x00000000d8480000,0x00000000d8980000)
 ParOldGen       total 87552K, used 8K [0x0000000081c00000, 0x0000000087180000, 0x00000000d5f00000)
  object space 87552K, 0% used [0x0000000081c00000,0x0000000081c02000,0x0000000087180000)
 Metaspace       used 8144K, capacity 8232K, committed 8320K, reserved 1056768K
  class space    used 1012K, capacity 1084K, committed 1152K, reserved 1048576K
}
Event: 2.094 GC heap before
{Heap before GC invocations=2 (full 0):
 PSYoungGen      total 38400K, used 38079K [0x00000000d5f00000, 0x00000000d8980000, 0x0000000100000000)
  eden space 33280K, 100% used [0x00000000d5f00000,0x00000000d7f80000,0x00000000d7f80000)
  from space 5120K, 93% used [0x00000000d7f80000,0x00000000d842fd80,0x00000000d8480000)
  to   space 5120K, 0% used [0x00000000d8480000,0x00000000d8480000,0x00000000d8980000)
 ParOldGen       total 87552K, used 8K [0x0000000081c00000, 0x0000000087180000, 0x00000000d5f00000)
  object space 87552K, 0% used [0x0000000081c00000,0x0000000081c02000,0x0000000087180000)
 Metaspace       used 11675K, capacity 11924K, committed 12160K, reserved 1060864K
  class space    used 1459K, capacity 1544K, committed 1664K, reserved 1048576K
Event: 2.105 GC heap after
Heap after GC invocations=2 (full 0):
 PSYoungGen      total 38400K, used 5108K [0x00000000d5f00000, 0x00000000d8980000, 0x0000000100000000)
  eden space 33280K, 0% used [0x00000000d5f00000,0x00000000d5f00000,0x00000000d7f80000)
  from space 5120K, 99% used [0x00000000d8480000,0x00000000d897d210,0x00000000d8980000)
  to   space 5120K, 0% used [0x00000000d7f80000,0x00000000d7f80000,0x00000000d8480000)
 ParOldGen       total 87552K, used 1687K [0x0000000081c00000, 0x0000000087180000, 0x00000000d5f00000)
  object space 87552K, 1% used [0x0000000081c00000,0x0000000081da5f68,0x0000000087180000)
 Metaspace       used 11675K, capacity 11924K, committed 12160K, reserved 1060864K
  class space    used 1459K, capacity 1544K, committed 1664K, reserved 1048576K
}
Event: 3.235 GC heap before
{Heap before GC invocations=3 (full 0):
 PSYoungGen      total 38400K, used 38388K [0x00000000d5f00000, 0x00000000d8980000, 0x0000000100000000)
  eden space 33280K, 100% used [0x00000000d5f00000,0x00000000d7f80000,0x00000000d7f80000)
  from space 5120K, 99% used [0x00000000d8480000,0x00000000d897d210,0x00000000d8980000)
  to   space 5120K, 0% used [0x00000000d7f80000,0x00000000d7f80000,0x00000000d8480000)
 ParOldGen       total 87552K, used 1687K [0x0000000081c00000, 0x0000000087180000, 0x00000000d5f00000)
  object space 87552K, 1% used [0x0000000081c00000,0x0000000081da5f68,0x0000000087180000)
 Metaspace       used 14822K, capacity 15124K, committed 15232K, reserved 1062912K
  class space    used 1828K, capacity 1912K, committed 1920K, reserved 1048576K
Event: 3.253 GC heap after
Heap after GC invocations=3 (full 0):
 PSYoungGen      total 38400K, used 5088K [0x00000000d5f00000, 0x00000000daa00000, 0x0000000100000000)
  eden space 33280K, 0% used [0x00000000d5f00000,0x00000000d5f00000,0x00000000d7f80000)
  from space 5120K, 99% used [0x00000000d7f80000,0x00000000d8478020,0x00000000d8480000)
  to   space 5120K, 0% used [0x00000000da500000,0x00000000da500000,0x00000000daa00000)
 ParOldGen       total 87552K, used 5287K [0x0000000081c00000, 0x0000000087180000, 0x00000000d5f00000)
  object space 87552K, 6% used [0x0000000081c00000,0x0000000082129c80,0x0000000087180000)
 Metaspace       used 14822K, capacity 15124K, committed 15232K, reserved 1062912K
  class space    used 1828K, capacity 1912K, committed 1920K, reserved 1048576K
}
Event: 4.070 GC heap before
{Heap before GC invocations=4 (full 0):
 PSYoungGen      total 38400K, used 38368K [0x00000000d5f00000, 0x00000000daa00000, 0x0000000100000000)
  eden space 33280K, 100% used [0x00000000d5f00000,0x00000000d7f80000,0x00000000d7f80000)
  from space 5120K, 99% used [0x00000000d7f80000,0x00000000d8478020,0x00000000d8480000)
  to   space 5120K, 0% used [0x00000000da500000,0x00000000da500000,0x00000000daa00000)
 ParOldGen       total 87552K, used 5287K [0x0000000081c00000, 0x0000000087180000, 0x00000000d5f00000)
  object space 87552K, 6% used [0x0000000081c00000,0x0000000082129c80,0x0000000087180000)
 Metaspace       used 15204K, capacity 15482K, committed 15872K, reserved 1062912K
  class space    used 1841K, capacity 1945K, committed 2048K, reserved 1048576K
Event: 4.090 GC heap after
Heap after GC invocations=4 (full 0):
 PSYoungGen      total 71680K, used 5088K [0x00000000d5f00000, 0x00000000daa00000, 0x0000000100000000)
  eden space 66560K, 0% used [0x00000000d5f00000,0x00000000d5f00000,0x00000000da000000)
  from space 5120K, 99% used [0x00000000da500000,0x00000000da9f8020,0x00000000daa00000)
  to   space 5120K, 0% used [0x00000000da000000,0x00000000da000000,0x00000000da500000)
 ParOldGen       total 87552K, used 10660K [0x0000000081c00000, 0x0000000087180000, 0x00000000d5f00000)
  object space 87552K, 12% used [0x0000000081c00000,0x0000000082669308,0x0000000087180000)
 Metaspace       used 15204K, capacity 15482K, committed 15872K, reserved 1062912K
  class space    used 1841K, capacity 1945K, committed 2048K, reserved 1048576K
}
Event: 5.959 GC heap before
{Heap before GC invocations=5 (full 0):
 PSYoungGen      total 71680K, used 71648K [0x00000000d5f00000, 0x00000000daa00000, 0x0000000100000000)
  eden space 66560K, 100% used [0x00000000d5f00000,0x00000000da000000,0x00000000da000000)
  from space 5120K, 99% used [0x00000000da500000,0x00000000da9f8020,0x00000000daa00000)
  to   space 5120K, 0% used [0x00000000da000000,0x00000000da000000,0x00000000da500000)
 ParOldGen       total 87552K, used 10660K [0x0000000081c00000, 0x0000000087180000, 0x00000000d5f00000)
  object space 87552K, 12% used [0x0000000081c00000,0x0000000082669308,0x0000000087180000)
 Metaspace       used 15716K, capacity 15960K, committed 16128K, reserved 1062912K
  class space    used 1869K, capacity 1950K, committed 2048K, reserved 1048576K
Event: 5.983 GC heap after
Heap after GC invocations=5 (full 0):
 PSYoungGen      total 71680K, used 5120K [0x00000000d5f00000, 0x00000000dfe00000, 0x0000000100000000)
  eden space 66560K, 0% used [0x00000000d5f00000,0x00000000d5f00000,0x00000000da000000)
  from space 5120K, 100% used [0x00000000da000000,0x00000000da500000,0x00000000da500000)
  to   space 14848K, 0% used [0x00000000def80000,0x00000000def80000,0x00000000dfe00000)
 ParOldGen       total 87552K, used 18009K [0x0000000081c00000, 0x0000000087180000, 0x00000000d5f00000)
  object space 87552K, 20% used [0x0000000081c00000,0x0000000082d96790,0x0000000087180000)
 Metaspace       used 15716K, capacity 15960K, committed 16128K, reserved 1062912K
  class space    used 1869K, capacity 1950K, committed 2048K, reserved 1048576K
}

Deoptimization events (10 events):
Event: 5.700 Thread 0x0000000002682800 Uncommon trap: reason=class_check action=maybe_recompile pc=0x0000000002a3c990 method=java.nio.charset.CharsetDecoder.decode(Ljava/nio/ByteBuffer;Ljava/nio/CharBuffer;Z)Ljava/nio/charset/CoderResult; @ 57
Event: 5.703 Thread 0x0000000002682800 Uncommon trap: reason=speculate_class_check action=maybe_recompile pc=0x0000000002e377f8 method=java.nio.charset.CharsetDecoder.decode(Ljava/nio/ByteBuffer;Ljava/nio/CharBuffer;Z)Ljava/nio/charset/CoderResult; @ 57
Event: 5.703 Thread 0x0000000002682800 Uncommon trap: reason=class_check action=maybe_recompile pc=0x0000000002a3c990 method=java.nio.charset.CharsetDecoder.decode(Ljava/nio/ByteBuffer;Ljava/nio/CharBuffer;Z)Ljava/nio/charset/CoderResult; @ 57
Event: 5.704 Thread 0x0000000002682800 Uncommon trap: reason=speculate_class_check action=maybe_recompile pc=0x0000000002e377f8 method=java.nio.charset.CharsetDecoder.decode(Ljava/nio/ByteBuffer;Ljava/nio/CharBuffer;Z)Ljava/nio/charset/CoderResult; @ 57
Event: 5.704 Thread 0x0000000002682800 Uncommon trap: reason=class_check action=maybe_recompile pc=0x0000000002a3c990 method=java.nio.charset.CharsetDecoder.decode(Ljava/nio/ByteBuffer;Ljava/nio/CharBuffer;Z)Ljava/nio/charset/CoderResult; @ 57
Event: 5.911 Thread 0x0000000002682800 Uncommon trap: reason=speculate_class_check action=maybe_recompile pc=0x0000000002e377f8 method=java.nio.charset.CharsetDecoder.decode(Ljava/nio/ByteBuffer;Ljava/nio/CharBuffer;Z)Ljava/nio/charset/CoderResult; @ 57
Event: 5.911 Thread 0x0000000002682800 Uncommon trap: reason=class_check action=maybe_recompile pc=0x0000000002a3c990 method=java.nio.charset.CharsetDecoder.decode(Ljava/nio/ByteBuffer;Ljava/nio/CharBuffer;Z)Ljava/nio/charset/CoderResult; @ 57
Event: 5.919 Thread 0x0000000002682800 Uncommon trap: reason=speculate_class_check action=maybe_recompile pc=0x0000000002e04efc method=java.nio.charset.CharsetDecoder.decode(Ljava/nio/ByteBuffer;Ljava/nio/CharBuffer;Z)Ljava/nio/charset/CoderResult; @ 57
Event: 5.919 Thread 0x0000000002682800 Uncommon trap: reason=speculate_class_check action=maybe_recompile pc=0x0000000002e04efc method=java.nio.charset.CharsetDecoder.decode(Ljava/nio/ByteBuffer;Ljava/nio/CharBuffer;Z)Ljava/nio/charset/CoderResult; @ 57
Event: 6.041 Thread 0x0000000002682800 Uncommon trap: reason=unstable_if action=reinterpret pc=0x0000000002cc2c1c method=java.util.LinkedHashMap.afterNodeInsertion(Z)V @ 18

Classes redefined (0 events):
No events

Internal exceptions (10 events):
Event: 2.330 Thread 0x0000000002682800 Exception <a 'java/lang/NoClassDefFoundError': com/google/inject/servlet/ServletModuleTargetVisitor> (0x00000000d67b0040) thrown at [C:\re\workspace\8-2-build-windows-amd64-cygwin\jdk8u211\12973\hotspot\src\share\vm\classfile\systemDictionary.cpp, line 19
Event: 2.330 Thread 0x0000000002682800 Exception <a 'java/lang/NoClassDefFoundError'> (0x00000000d67b0040) thrown at [C:\re\workspace\8-2-build-windows-amd64-cygwin\jdk8u211\12973\hotspot\src\share\vm\prims\jvm.cpp, line 1506]
Event: 2.331 Thread 0x0000000002682800 Exception <a 'java/lang/NoClassDefFoundError': javax/annotation/Priority> (0x00000000d67b5048) thrown at [C:\re\workspace\8-2-build-windows-amd64-cygwin\jdk8u211\12973\hotspot\src\share\vm\classfile\systemDictionary.cpp, line 199]
Event: 2.516 Thread 0x0000000002682800 Implicit null exception at 0x000000000295439b to 0x0000000002954545
Event: 2.866 Thread 0x0000000002682800 Implicit null exception at 0x0000000002d29177 to 0x0000000002d293c1
Event: 4.107 Thread 0x0000000002682800 Implicit null exception at 0x0000000002f03cf7 to 0x0000000002f03f41
Event: 4.291 Thread 0x0000000002682800 Implicit null exception at 0x0000000002f5a2fc to 0x0000000002f5b3fd
Event: 4.301 Thread 0x0000000002682800 Implicit null exception at 0x0000000002a5a0d5 to 0x0000000002a5a2ad
Event: 4.301 Thread 0x0000000002682800 Implicit null exception at 0x0000000002b170af to 0x0000000002b17119
Event: 4.376 Thread 0x0000000002682800 Implicit null exception at 0x0000000002eec68f to 0x0000000002eecbad

Events (10 events):
Event: 5.919 Thread 0x0000000002682800 DEOPT PACKING pc=0x0000000002e04efc sp=0x000000000247c210
Event: 5.919 Thread 0x0000000002682800 DEOPT UNPACKING pc=0x00000000027c583b sp=0x000000000247c140 mode 2
Event: 5.919 Thread 0x0000000002682800 Uncommon trap: trap_request=0xffffff76 fr.pc=0x0000000002e04efc
Event: 5.919 Thread 0x0000000002682800 DEOPT PACKING pc=0x0000000002e04efc sp=0x000000000247bde0
Event: 5.919 Thread 0x0000000002682800 DEOPT UNPACKING pc=0x00000000027c583b sp=0x000000000247bd10 mode 2
Event: 5.959 Executing VM operation: ParallelGCFailedAllocation
Event: 5.983 Executing VM operation: ParallelGCFailedAllocation done
Event: 6.041 Thread 0x0000000002682800 Uncommon trap: trap_request=0xffffff65 fr.pc=0x0000000002cc2c1c
Event: 6.041 Thread 0x0000000002682800 DEOPT PACKING pc=0x0000000002cc2c1c sp=0x000000000247cf70
Event: 6.041 Thread 0x0000000002682800 DEOPT UNPACKING pc=0x00000000027c583b sp=0x000000000247cef8 mode 2


Dynamic libraries:
0x00007ff7199c0000 - 0x00007ff7199f7000 	C:\Program Files\Java\jdk1.8.0_211\bin\java.exe
0x00007ff8a2800000 - 0x00007ff8a29f0000 	C:\WINDOWS\SYSTEM32\ntdll.dll
0x00007ff8a0b80000 - 0x00007ff8a0c32000 	C:\WINDOWS\System32\KERNEL32.DLL
0x00007ff89f910000 - 0x00007ff89fbb3000 	C:\WINDOWS\System32\KERNELBASE.dll
0x00007ff8a23c0000 - 0x00007ff8a2463000 	C:\WINDOWS\System32\ADVAPI32.dll
0x00007ff8a1640000 - 0x00007ff8a16de000 	C:\WINDOWS\System32\msvcrt.dll
0x00007ff8a1460000 - 0x00007ff8a14f7000 	C:\WINDOWS\System32\sechost.dll
0x00007ff8a08b0000 - 0x00007ff8a09d0000 	C:\WINDOWS\System32\RPCRT4.dll
0x00007ff8a1900000 - 0x00007ff8a1a94000 	C:\WINDOWS\System32\USER32.dll
0x00007ff89f860000 - 0x00007ff89f881000 	C:\WINDOWS\System32\win32u.dll
0x00007ff8a1b70000 - 0x00007ff8a1b96000 	C:\WINDOWS\System32\GDI32.dll
0x00007ff89fc10000 - 0x00007ff89fda4000 	C:\WINDOWS\System32\gdi32full.dll
0x00007ff8a0090000 - 0x00007ff8a012e000 	C:\WINDOWS\System32\msvcp_win.dll
0x00007ff89ff90000 - 0x00007ff8a008a000 	C:\WINDOWS\System32\ucrtbase.dll
0x00007ff891fd0000 - 0x00007ff892255000 	C:\WINDOWS\WinSxS\amd64_microsoft.windows.common-controls_6595b64144ccf1df_6.0.18362.720_none_e6beb5c51314836b\COMCTL32.dll
0x00007ff8a1ba0000 - 0x00007ff8a1ed6000 	C:\WINDOWS\System32\combase.dll
0x00007ff89f890000 - 0x00007ff89f910000 	C:\WINDOWS\System32\bcryptPrimitives.dll
0x00007ff8a16e0000 - 0x00007ff8a170e000 	C:\WINDOWS\System32\IMM32.DLL
0x000000006b3a0000 - 0x000000006b472000 	C:\Program Files\Java\jdk1.8.0_211\jre\bin\msvcr100.dll
0x000000006aaf0000 - 0x000000006b395000 	C:\Program Files\Java\jdk1.8.0_211\jre\bin\server\jvm.dll
0x00007ff8a23b0000 - 0x00007ff8a23b8000 	C:\WINDOWS\System32\PSAPI.DLL
0x00007ff88ba90000 - 0x00007ff88ba99000 	C:\WINDOWS\SYSTEM32\WSOCK32.dll
0x00007ff89cfc0000 - 0x00007ff89cfe4000 	C:\WINDOWS\SYSTEM32\WINMM.dll
0x00007ff8a2470000 - 0x00007ff8a24df000 	C:\WINDOWS\System32\WS2_32.dll
0x00007ff89a960000 - 0x00007ff89a96a000 	C:\WINDOWS\SYSTEM32\VERSION.dll
0x00007ff89cf40000 - 0x00007ff89cf6d000 	C:\WINDOWS\SYSTEM32\WINMMBASE.dll
0x00007ff89fbc0000 - 0x00007ff89fc0a000 	C:\WINDOWS\System32\cfgmgr32.dll
0x00007ff89b7b0000 - 0x00007ff89b7bf000 	C:\Program Files\Java\jdk1.8.0_211\jre\bin\verify.dll
0x00007ff8991e0000 - 0x00007ff899209000 	C:\Program Files\Java\jdk1.8.0_211\jre\bin\java.dll
0x00007ff89b780000 - 0x00007ff89b7a3000 	C:\Program Files\Java\jdk1.8.0_211\jre\bin\instrument.dll
0x00007ff89b5e0000 - 0x00007ff89b5f6000 	C:\Program Files\Java\jdk1.8.0_211\jre\bin\zip.dll
0x00007ff8a0d70000 - 0x00007ff8a1455000 	C:\WINDOWS\System32\SHELL32.dll
0x00007ff8a2690000 - 0x00007ff8a2739000 	C:\WINDOWS\System32\shcore.dll
0x00007ff8a0130000 - 0x00007ff8a08b0000 	C:\WINDOWS\System32\windows.storage.dll
0x00007ff89f760000 - 0x00007ff89f783000 	C:\WINDOWS\System32\profapi.dll
0x00007ff89f710000 - 0x00007ff89f75a000 	C:\WINDOWS\System32\powrprof.dll
0x00007ff89f6c0000 - 0x00007ff89f6d0000 	C:\WINDOWS\System32\UMPDC.dll
0x00007ff8a1500000 - 0x00007ff8a1552000 	C:\WINDOWS\System32\shlwapi.dll
0x00007ff89f6f0000 - 0x00007ff89f701000 	C:\WINDOWS\System32\kernel.appcore.dll
0x00007ff89f790000 - 0x00007ff89f7a7000 	C:\WINDOWS\System32\cryptsp.dll
0x00007ff899bd0000 - 0x00007ff899bea000 	D:\Program Files\JetBrains\IntelliJ IDEA Community Edition 2019.1.2\bin\breakgen64.dll
0x00007ff89b2c0000 - 0x00007ff89b2da000 	C:\Program Files\Java\jdk1.8.0_211\jre\bin\net.dll
0x00007ff88e640000 - 0x00007ff88e815000 	C:\WINDOWS\SYSTEM32\urlmon.dll
0x00007ff890830000 - 0x00007ff890ad6000 	C:\WINDOWS\SYSTEM32\iertutil.dll
0x00007ff89f100000 - 0x00007ff89f10c000 	C:\WINDOWS\SYSTEM32\CRYPTBASE.DLL
0x00007ff89ef30000 - 0x00007ff89ef97000 	C:\WINDOWS\system32\mswsock.dll
0x00007ff8991c0000 - 0x00007ff8991d2000 	C:\Program Files\Java\jdk1.8.0_211\jre\bin\nio.dll

VM Arguments:
jvm_args: -Dmaven.multiModuleProjectDirectory=F:\Git\NightRidePlanner -Dmaven.home=D:\Program Files\JetBrains\IntelliJ IDEA Community Edition 2019.1.2\plugins\maven\lib\maven3 -Dclassworlds.conf=D:\Program Files\JetBrains\IntelliJ IDEA Community Edition 2019.1.2\plugins\maven\lib\maven3\bin\m2.conf -javaagent:D:\Program Files\JetBrains\IntelliJ IDEA Community Edition 2019.1.2\lib\idea_rt.jar=61200:D:\Program Files\JetBrains\IntelliJ IDEA Community Edition 2019.1.2\bin -Dfile.encoding=UTF-8 
java_command: org.codehaus.classworlds.Launcher -Didea.version2019.1.2 -DskipTests=true compile
java_class_path (initial): D:\Program Files\JetBrains\IntelliJ IDEA Community Edition 2019.1.2\plugins\maven\lib\maven3\boot\plexus-classworlds-2.5.2.jar;D:\Program Files\JetBrains\IntelliJ IDEA Community Edition 2019.1.2\lib\idea_rt.jar
Launcher Type: SUN_STANDARD

Environment Variables:
JAVA_HOME=C:\Program Files\Java\jdk1.8.0_211
JRE_HOME=C:\Program Files\Java\jre1.8.0_211
PATH=C:\Python27\;C:\Python27\Scripts;C:\Program Files (x86)\Intel\Intel(R) Management Engine Components\iCLS\;C:\Program Files\Intel\Intel(R) Management Engine Components\iCLS\;C:\Program Files (x86)\Common Files\Oracle\Java\javapath;C:\windows\system32;C:\windows;C:\windows\System32\Wbem;C:\windows\System32\WindowsPowerShell\v1.0\;C:\Program Files (x86)\NVIDIA Corporation\PhysX\Common;C:\WINDOWS\system32;C:\WINDOWS;C:\WINDOWS\System32\Wbem;C:\WINDOWS\System32\WindowsPowerShell\v1.0\;C:\WINDOWS\System32\OpenSSH\;D:\Program Files\Git\cmd;C:\Program Files\NVIDIA Corporation\NVIDIA NvDLISR;C:\Program Files (x86)\Intel\Intel(R) Management Engine Components\DAL;C:\Program Files\Intel\Intel(R) Management Engine Components\DAL;C:\Program Files (x86)\Intel\Intel(R) Management Engine Components\IPT;C:\Program Files\Intel\Intel(R) Management Engine Components\IPT;C:\WINDOWS\system32;C:\WINDOWS;C:\WINDOWS\System32\Wbem;C:\WINDOWS\System32\WindowsPowerShell\v1.0\;C:\WINDOWS\System32\OpenSSH\;C:\Program Files\Intel\WiFi\bin\;C:\Program Files\Common Files\Intel\WirelessCommon\;D:\Program Files\nodejs\;C:\ProgramData\chocolatey\bin;C:\Users\artij\AppData\Local\Microsoft\WindowsApps;D:\Program files\Microsoft VS Code\bin;F:\Users\artij\AppData\Roaming\npm;C:\Gradle\gradle-6.0.1\bin;
USERNAME=artij
OS=Windows_NT
PROCESSOR_IDENTIFIER=Intel64 Family 6 Model 142 Stepping 9, GenuineIntel



---------------  S Y S T E M  ---------------

OS: Windows 10.0 , 64 bit Build 18362 (10.0.18362.329)

CPU:total 4 (initial active 4) (2 cores per cpu, 2 threads per core) family 6 model 142 stepping 9, cmov, cx8, fxsr, mmx, sse, sse2, sse3, ssse3, sse4.1, sse4.2, popcnt, avx, avx2, aes, clmul, erms, 3dnowpref, lzcnt, ht, tsc, tscinvbit, bmi1, bmi2, adx

Memory: 4k page, physical 8271076k(823696k free), swap 12465380k(14748k free)

vm_info: Java HotSpot(TM) 64-Bit Server VM (25.211-b12) for windows-amd64 JRE (1.8.0_211-b12), built on Apr  1 2019 20:53:26 by "java_re" with MS VC++ 10.0 (VS2010)

time: Thu Apr 02 19:09:22 2020
timezone: Œrodkowoeuropejski czas letni
elapsed time: 6 seconds (0d 0h 0m 6s)

