#
# There is insufficient memory for the Java Runtime Environment to continue.
# Native memory allocation (malloc) failed to allocate 735056 bytes for Chunk::new
# Possible reasons:
#   The system is out of physical RAM or swap space
#   The process is running with CompressedOops enabled, and the Java Heap may be blocking the growth of the native heap
# Possible solutions:
#   Reduce memory load on the system
#   Increase physical memory or swap space
#   Check if swap backing store is full
#   Decrease Java heap size (-Xmx/-Xms)
#   Decrease number of Java threads
#   Decrease Java thread stack sizes (-Xss)
#   Set larger code cache with -XX:ReservedCodeCacheSize=
#   JVM is running with Unscaled Compressed Oops mode in which the Java heap is
#     placed in the first 4GB address space. The Java Heap base address is the
#     maximum limit for the native heap growth. Please use -XX:HeapBaseMinAddress
#     to set the Java Heap base and to place the Java Heap above 4GB virtual address.
# This output file may be truncated or incomplete.
#
#  Out of Memory Error (allocation.cpp:389), pid=15672, tid=0x000000000000239c
#
# JRE version: Java(TM) SE Runtime Environment (8.0_211-b12) (build 1.8.0_211-b12)
# Java VM: Java HotSpot(TM) 64-Bit Server VM (25.211-b12 mixed mode windows-amd64 compressed oops)
# Failed to write core dump. Minidumps are not enabled by default on client versions of Windows
#

---------------  T H R E A D  ---------------

Current thread (0x0000000019407800):  JavaThread "C2 CompilerThread1" daemon [_thread_in_native, id=9116, stack(0x00000000199f0000,0x0000000019af0000)]

Stack: [0x00000000199f0000,0x0000000019af0000]
[error occurred during error reporting (printing stack bounds), id 0xc0000005]

Native frames: (J=compiled Java code, j=interpreted, Vv=VM code, C=native code)


Current CompileTask:
C2:   4304 1997       4       java.io.WinNTFileSystem::normalize (231 bytes)


---------------  P R O C E S S  ---------------

Java Threads: ( => current thread )
  0x0000000019470800 JavaThread "Service Thread" daemon [_thread_blocked, id=360, stack(0x0000000019bf0000,0x0000000019cf0000)]
  0x000000001946c800 JavaThread "C1 CompilerThread2" daemon [_thread_blocked, id=12984, stack(0x0000000019af0000,0x0000000019bf0000)]
=>0x0000000019407800 JavaThread "C2 CompilerThread1" daemon [_thread_in_native, id=9116, stack(0x00000000199f0000,0x0000000019af0000)]
  0x0000000019403000 JavaThread "C2 CompilerThread0" daemon [_thread_in_native, id=12780, stack(0x00000000198f0000,0x00000000199f0000)]
  0x0000000017dde000 JavaThread "Monitor Ctrl-Break" daemon [_thread_in_native, id=12880, stack(0x00000000197f0000,0x00000000198f0000)]
  0x0000000017d86800 JavaThread "Attach Listener" daemon [_thread_blocked, id=2804, stack(0x00000000192f0000,0x00000000193f0000)]
  0x0000000017d85800 JavaThread "Signal Dispatcher" daemon [_thread_blocked, id=17620, stack(0x00000000191f0000,0x00000000192f0000)]
  0x0000000017d60800 JavaThread "Finalizer" daemon [_thread_blocked, id=11988, stack(0x0000000018fe0000,0x00000000190e0000)]
  0x0000000017d5c800 JavaThread "Reference Handler" daemon [_thread_blocked, id=9676, stack(0x0000000018ee0000,0x0000000018fe0000)]
  0x0000000003152800 JavaThread "main" [_thread_in_vm, id=15628, stack(0x0000000002e20000,0x0000000002f20000)]

Other Threads:
  0x0000000017d54800 VMThread [stack: 0x0000000018de0000,0x0000000018ee0000] [id=10340]
  0x0000000019474000 WatcherThread [stack: 0x0000000019cf0000,0x0000000019df0000] [id=14076]

VM state:not at safepoint (normal execution)

VM Mutex/Monitor currently owned by a thread: None

heap address: 0x0000000081c00000, size: 2020 MB, Compressed Oops mode: 32-bit
Narrow klass base: 0x0000000000000000, Narrow klass shift: 3
Compressed class space size: 1073741824 Address: 0x0000000100000000

Heap:
 PSYoungGen      total 38400K, used 18163K [0x00000000d5f00000, 0x00000000d8980000, 0x0000000100000000)
  eden space 33280K, 39% used [0x00000000d5f00000,0x00000000d6bc0e58,0x00000000d7f80000)
  from space 5120K, 99% used [0x00000000d7f80000,0x00000000d847c010,0x00000000d8480000)
  to   space 5120K, 0% used [0x00000000d8480000,0x00000000d8480000,0x00000000d8980000)
 ParOldGen       total 87552K, used 4539K [0x0000000081c00000, 0x0000000087180000, 0x00000000d5f00000)
  object space 87552K, 5% used [0x0000000081c00000,0x000000008206edb8,0x0000000087180000)
 Metaspace       used 14879K, capacity 15194K, committed 15488K, reserved 1062912K
  class space    used 1829K, capacity 1913K, committed 1920K, reserved 1048576K

Card table byte_map: [0x0000000012610000,0x0000000012a10000] byte_map_base: 0x0000000012202000

Marking Bits: (ParMarkBitMap*) 0x000000006b315ce0
 Begin Bits: [0x00000000130c0000, 0x0000000015050000)
 End Bits:   [0x0000000015050000, 0x0000000016fe0000)

Polling page: 0x00000000017b0000

CodeCache: size=245760Kb used=6973Kb max_used=6973Kb free=238786Kb
 bounds [0x0000000003250000, 0x0000000003930000, 0x0000000012250000]
 total_blobs=2351 nmethods=2010 adapters=253
 compilation: enabled

Compilation events (10 events):
Event: 4.206 Thread 0x0000000019403000 nmethod 2006 0x0000000003920610 code [0x0000000003920780, 0x0000000003920a18]
Event: 4.206 Thread 0x0000000019403000 2007   !   4       java.util.regex.Pattern::matcher (44 bytes)
Event: 4.212 Thread 0x0000000019403000 nmethod 2007 0x000000000391de90 code [0x000000000391e000, 0x000000000391e478]
Event: 4.212 Thread 0x0000000019403000 2008       4       org.apache.maven.model.validation.DefaultModelValidator::validateStringNotEmpty (46 bytes)
Event: 4.213 Thread 0x0000000019403000 nmethod 2008 0x0000000003920e10 code [0x0000000003920f40, 0x0000000003920ff8]
Event: 4.218 Thread 0x000000001946c800 2009       3       org.apache.maven.model.Exclusion::setLocation (35 bytes)
Event: 4.218 Thread 0x000000001946c800 nmethod 2009 0x000000000391d650 code [0x000000000391d7e0, 0x000000000391dc68]
Event: 4.220 Thread 0x000000001946c800 2010   !   3       org.apache.maven.model.ModelBase::clone (397 bytes)
Event: 4.221 Thread 0x0000000019403000 2011   !   4       org.codehaus.plexus.interpolation.StringSearchInterpolator::interpolate (655 bytes)
Event: 4.222 Thread 0x000000001946c800 nmethod 2010 0x0000000003922990 code [0x0000000003922e80, 0x0000000003925ea8]

GC Heap History (6 events):
Event: 1.597 GC heap before
{Heap before GC invocations=1 (full 0):
 PSYoungGen      total 38400K, used 33280K [0x00000000d5f00000, 0x00000000d8980000, 0x0000000100000000)
  eden space 33280K, 100% used [0x00000000d5f00000,0x00000000d7f80000,0x00000000d7f80000)
  from space 5120K, 0% used [0x00000000d8480000,0x00000000d8480000,0x00000000d8980000)
  to   space 5120K, 0% used [0x00000000d7f80000,0x00000000d7f80000,0x00000000d8480000)
 ParOldGen       total 87552K, used 0K [0x0000000081c00000, 0x0000000087180000, 0x00000000d5f00000)
  object space 87552K, 0% used [0x0000000081c00000,0x0000000081c00000,0x0000000087180000)
 Metaspace       used 8082K, capacity 8200K, committed 8320K, reserved 1056768K
  class space    used 999K, capacity 1052K, committed 1152K, reserved 1048576K
Event: 1.606 GC heap after
Heap after GC invocations=1 (full 0):
 PSYoungGen      total 38400K, used 4635K [0x00000000d5f00000, 0x00000000d8980000, 0x0000000100000000)
  eden space 33280K, 0% used [0x00000000d5f00000,0x00000000d5f00000,0x00000000d7f80000)
  from space 5120K, 90% used [0x00000000d7f80000,0x00000000d8406c30,0x00000000d8480000)
  to   space 5120K, 0% used [0x00000000d8480000,0x00000000d8480000,0x00000000d8980000)
 ParOldGen       total 87552K, used 8K [0x0000000081c00000, 0x0000000087180000, 0x00000000d5f00000)
  object space 87552K, 0% used [0x0000000081c00000,0x0000000081c02000,0x0000000087180000)
 Metaspace       used 8082K, capacity 8200K, committed 8320K, reserved 1056768K
  class space    used 999K, capacity 1052K, committed 1152K, reserved 1048576K
}
Event: 2.490 GC heap before
{Heap before GC invocations=2 (full 0):
 PSYoungGen      total 38400K, used 37915K [0x00000000d5f00000, 0x00000000d8980000, 0x0000000100000000)
  eden space 33280K, 100% used [0x00000000d5f00000,0x00000000d7f80000,0x00000000d7f80000)
  from space 5120K, 90% used [0x00000000d7f80000,0x00000000d8406c30,0x00000000d8480000)
  to   space 5120K, 0% used [0x00000000d8480000,0x00000000d8480000,0x00000000d8980000)
 ParOldGen       total 87552K, used 8K [0x0000000081c00000, 0x0000000087180000, 0x00000000d5f00000)
  object space 87552K, 0% used [0x0000000081c00000,0x0000000081c02000,0x0000000087180000)
 Metaspace       used 11446K, capacity 11726K, committed 11904K, reserved 1058816K
  class space    used 1429K, capacity 1543K, committed 1664K, reserved 1048576K
Event: 2.497 GC heap after
Heap after GC invocations=2 (full 0):
 PSYoungGen      total 38400K, used 5108K [0x00000000d5f00000, 0x00000000d8980000, 0x0000000100000000)
  eden space 33280K, 0% used [0x00000000d5f00000,0x00000000d5f00000,0x00000000d7f80000)
  from space 5120K, 99% used [0x00000000d8480000,0x00000000d897d098,0x00000000d8980000)
  to   space 5120K, 0% used [0x00000000d7f80000,0x00000000d7f80000,0x00000000d8480000)
 ParOldGen       total 87552K, used 1455K [0x0000000081c00000, 0x0000000087180000, 0x00000000d5f00000)
  object space 87552K, 1% used [0x0000000081c00000,0x0000000081d6bd40,0x0000000087180000)
 Metaspace       used 11446K, capacity 11726K, committed 11904K, reserved 1058816K
  class space    used 1429K, capacity 1543K, committed 1664K, reserved 1048576K
}
Event: 3.881 GC heap before
{Heap before GC invocations=3 (full 0):
 PSYoungGen      total 38400K, used 38388K [0x00000000d5f00000, 0x00000000d8980000, 0x0000000100000000)
  eden space 33280K, 100% used [0x00000000d5f00000,0x00000000d7f80000,0x00000000d7f80000)
  from space 5120K, 99% used [0x00000000d8480000,0x00000000d897d098,0x00000000d8980000)
  to   space 5120K, 0% used [0x00000000d7f80000,0x00000000d7f80000,0x00000000d8480000)
 ParOldGen       total 87552K, used 1455K [0x0000000081c00000, 0x0000000087180000, 0x00000000d5f00000)
  object space 87552K, 1% used [0x0000000081c00000,0x0000000081d6bd40,0x0000000087180000)
 Metaspace       used 14700K, capacity 14996K, committed 15232K, reserved 1062912K
  class space    used 1820K, capacity 1912K, committed 1920K, reserved 1048576K
Event: 3.893 GC heap after
Heap after GC invocations=3 (full 0):
 PSYoungGen      total 38400K, used 5104K [0x00000000d5f00000, 0x00000000d8980000, 0x0000000100000000)
  eden space 33280K, 0% used [0x00000000d5f00000,0x00000000d5f00000,0x00000000d7f80000)
  from space 5120K, 99% used [0x00000000d7f80000,0x00000000d847c010,0x00000000d8480000)
  to   space 5120K, 0% used [0x00000000d8480000,0x00000000d8480000,0x00000000d8980000)
 ParOldGen       total 87552K, used 4539K [0x0000000081c00000, 0x0000000087180000, 0x00000000d5f00000)
  object space 87552K, 5% used [0x0000000081c00000,0x000000008206edb8,0x0000000087180000)
 Metaspace       used 14700K, capacity 14996K, committed 15232K, reserved 1062912K
  class space    used 1820K, capacity 1912K, committed 1920K, reserved 1048576K
}

Deoptimization events (10 events):
Event: 3.646 Thread 0x0000000003152800 Uncommon trap: reason=bimorphic action=maybe_recompile pc=0x000000000382e650 method=org.apache.maven.model.interpolation.StringSearchModelInterpolator$InterpolateObjectAction$CacheField.interpolate(Ljava/lang/Object;Lorg/apache/maven/model/interpolation/S
Event: 3.647 Thread 0x0000000003152800 Uncommon trap: reason=bimorphic action=maybe_recompile pc=0x000000000382e650 method=org.apache.maven.model.interpolation.StringSearchModelInterpolator$InterpolateObjectAction$CacheField.interpolate(Ljava/lang/Object;Lorg/apache/maven/model/interpolation/S
Event: 3.647 Thread 0x0000000003152800 Uncommon trap: reason=bimorphic action=maybe_recompile pc=0x000000000382e650 method=org.apache.maven.model.interpolation.StringSearchModelInterpolator$InterpolateObjectAction$CacheField.interpolate(Ljava/lang/Object;Lorg/apache/maven/model/interpolation/S
Event: 3.679 Thread 0x0000000003152800 Uncommon trap: reason=unstable_if action=reinterpret pc=0x0000000003839474 method=java.lang.String.trim()Ljava/lang/String; @ 63
Event: 3.679 Thread 0x0000000003152800 Uncommon trap: reason=unstable_if action=reinterpret pc=0x00000000037d0838 method=org.codehaus.plexus.util.xml.pull.MXParser.isS(C)Z @ 21
Event: 3.679 Thread 0x0000000003152800 Uncommon trap: reason=unstable_if action=reinterpret pc=0x000000000379b8e8 method=org.codehaus.plexus.util.xml.pull.MXParser.isS(C)Z @ 21
Event: 3.679 Thread 0x0000000003152800 Uncommon trap: reason=unstable_if action=reinterpret pc=0x00000000037bc5c4 method=org.codehaus.plexus.util.xml.pull.MXParser.isS(C)Z @ 21
Event: 3.695 Thread 0x0000000003152800 Uncommon trap: reason=unstable_if action=reinterpret pc=0x00000000034dd104 method=sun.nio.cs.UTF_8$Decoder.decode([BII[C)I @ 30
Event: 3.702 Thread 0x0000000003152800 Uncommon trap: reason=unstable_if action=reinterpret pc=0x00000000034e7c04 method=sun.nio.cs.UTF_8$Decoder.decodeArrayLoop(Ljava/nio/ByteBuffer;Ljava/nio/CharBuffer;)Ljava/nio/charset/CoderResult; @ 84
Event: 3.727 Thread 0x0000000003152800 Uncommon trap: reason=unstable_if action=reinterpret pc=0x00000000038529d8 method=org.codehaus.plexus.util.xml.pull.MXParser.nextImpl()I @ 310

Classes redefined (0 events):
No events

Internal exceptions (10 events):
Event: 1.437 Thread 0x0000000003152800 Exception <a 'java/lang/ArrayIndexOutOfBoundsException'> (0x00000000d75ab308) thrown at [C:\re\workspace\8-2-build-windows-amd64-cygwin\jdk8u211\12973\hotspot\src\share\vm\runtime\sharedRuntime.cpp, line 605]
Event: 1.438 Thread 0x0000000003152800 Exception <a 'java/lang/ArrayIndexOutOfBoundsException': 113> (0x00000000d75adbf0) thrown at [C:\re\workspace\8-2-build-windows-amd64-cygwin\jdk8u211\12973\hotspot\src\share\vm\interpreter\interpreterRuntime.cpp, line 368]
Event: 1.438 Thread 0x0000000003152800 Exception <a 'java/lang/ArrayIndexOutOfBoundsException': 71> (0x00000000d75af148) thrown at [C:\re\workspace\8-2-build-windows-amd64-cygwin\jdk8u211\12973\hotspot\src\share\vm\interpreter\interpreterRuntime.cpp, line 368]
Event: 1.438 Thread 0x0000000003152800 Exception <a 'java/lang/ArrayIndexOutOfBoundsException': 81> (0x00000000d75b0d48) thrown at [C:\re\workspace\8-2-build-windows-amd64-cygwin\jdk8u211\12973\hotspot\src\share\vm\interpreter\interpreterRuntime.cpp, line 368]
Event: 1.439 Thread 0x0000000003152800 Exception <a 'java/lang/ArrayIndexOutOfBoundsException': 24> (0x00000000d75b1d20) thrown at [C:\re\workspace\8-2-build-windows-amd64-cygwin\jdk8u211\12973\hotspot\src\share\vm\interpreter\interpreterRuntime.cpp, line 368]
Event: 2.845 Thread 0x0000000003152800 Exception <a 'java/lang/NoClassDefFoundError': com/google/inject/servlet/ServletModuleTargetVisitor> (0x00000000d6940540) thrown at [C:\re\workspace\8-2-build-windows-amd64-cygwin\jdk8u211\12973\hotspot\src\share\vm\classfile\systemDictionary.cpp, line 19
Event: 2.845 Thread 0x0000000003152800 Exception <a 'java/lang/NoClassDefFoundError'> (0x00000000d6940540) thrown at [C:\re\workspace\8-2-build-windows-amd64-cygwin\jdk8u211\12973\hotspot\src\share\vm\prims\jvm.cpp, line 1506]
Event: 2.845 Thread 0x0000000003152800 Exception <a 'java/lang/NoClassDefFoundError': javax/annotation/Priority> (0x00000000d6945548) thrown at [C:\re\workspace\8-2-build-windows-amd64-cygwin\jdk8u211\12973\hotspot\src\share\vm\classfile\systemDictionary.cpp, line 199]
Event: 3.157 Thread 0x0000000003152800 Implicit null exception at 0x000000000341621b to 0x00000000034163c5
Event: 3.620 Thread 0x0000000003152800 Implicit null exception at 0x000000000382a5f7 to 0x000000000382a841

Events (10 events):
Event: 3.914 loading class java/math/MutableBigInteger
Event: 3.914 loading class java/math/MutableBigInteger done
Event: 3.916 loading class org/apache/maven/artifact/DefaultArtifact
Event: 3.916 loading class org/apache/maven/artifact/DefaultArtifact done
Event: 3.917 loading class org/apache/maven/artifact/InvalidArtifactRTException
Event: 3.917 loading class org/apache/maven/artifact/InvalidArtifactRTException done
Event: 4.184 Thread 0x0000000003152800 DEOPT PACKING pc=0x00000000033a6d4c sp=0x0000000002f1db00
Event: 4.184 Thread 0x0000000003152800 DEOPT UNPACKING pc=0x0000000003297890 sp=0x0000000002f1d978 mode 0
Event: 4.295 Executing VM operation: EnableBiasedLocking
Event: 4.295 Executing VM operation: EnableBiasedLocking done


Dynamic libraries:
0x00007ff7199c0000 - 0x00007ff7199f7000 	C:\Program Files\Java\jdk1.8.0_211\bin\java.exe
0x00007ff8a2800000 - 0x00007ff8a29f0000 	C:\WINDOWS\SYSTEM32\ntdll.dll
0x00007ff8a0b80000 - 0x00007ff8a0c32000 	C:\WINDOWS\System32\KERNEL32.DLL
0x00007ff89f910000 - 0x00007ff89fbb3000 	C:\WINDOWS\System32\KERNELBASE.dll
0x00007ff8a23c0000 - 0x00007ff8a2463000 	C:\WINDOWS\System32\ADVAPI32.dll
0x00007ff8a1640000 - 0x00007ff8a16de000 	C:\WINDOWS\System32\msvcrt.dll
0x00007ff8a1460000 - 0x00007ff8a14f7000 	C:\WINDOWS\System32\sechost.dll
0x00007ff8a08b0000 - 0x00007ff8a09d0000 	C:\WINDOWS\System32\RPCRT4.dll
0x00007ff8a1900000 - 0x00007ff8a1a94000 	C:\WINDOWS\System32\USER32.dll
0x00007ff89f860000 - 0x00007ff89f881000 	C:\WINDOWS\System32\win32u.dll
0x00007ff8a1b70000 - 0x00007ff8a1b96000 	C:\WINDOWS\System32\GDI32.dll
0x00007ff89fc10000 - 0x00007ff89fda4000 	C:\WINDOWS\System32\gdi32full.dll
0x00007ff8a0090000 - 0x00007ff8a012e000 	C:\WINDOWS\System32\msvcp_win.dll
0x00007ff89ff90000 - 0x00007ff8a008a000 	C:\WINDOWS\System32\ucrtbase.dll
0x00007ff891fd0000 - 0x00007ff892255000 	C:\WINDOWS\WinSxS\amd64_microsoft.windows.common-controls_6595b64144ccf1df_6.0.18362.720_none_e6beb5c51314836b\COMCTL32.dll
0x00007ff8a1ba0000 - 0x00007ff8a1ed6000 	C:\WINDOWS\System32\combase.dll
0x00007ff89f890000 - 0x00007ff89f910000 	C:\WINDOWS\System32\bcryptPrimitives.dll
0x00007ff8a16e0000 - 0x00007ff8a170e000 	C:\WINDOWS\System32\IMM32.DLL
0x000000006b3a0000 - 0x000000006b472000 	C:\Program Files\Java\jdk1.8.0_211\jre\bin\msvcr100.dll
0x000000006aaf0000 - 0x000000006b395000 	C:\Program Files\Java\jdk1.8.0_211\jre\bin\server\jvm.dll
0x00007ff8a23b0000 - 0x00007ff8a23b8000 	C:\WINDOWS\System32\PSAPI.DLL
0x00007ff88ba90000 - 0x00007ff88ba99000 	C:\WINDOWS\SYSTEM32\WSOCK32.dll
0x00007ff8a2470000 - 0x00007ff8a24df000 	C:\WINDOWS\System32\WS2_32.dll
0x00007ff89cfc0000 - 0x00007ff89cfe4000 	C:\WINDOWS\SYSTEM32\WINMM.dll
0x00007ff89a960000 - 0x00007ff89a96a000 	C:\WINDOWS\SYSTEM32\VERSION.dll
0x00007ff89cf40000 - 0x00007ff89cf6d000 	C:\WINDOWS\SYSTEM32\WINMMBASE.dll
0x00007ff89fbc0000 - 0x00007ff89fc0a000 	C:\WINDOWS\System32\cfgmgr32.dll
0x00007ff89b7b0000 - 0x00007ff89b7bf000 	C:\Program Files\Java\jdk1.8.0_211\jre\bin\verify.dll
0x00007ff8991e0000 - 0x00007ff899209000 	C:\Program Files\Java\jdk1.8.0_211\jre\bin\java.dll
0x00007ff89b780000 - 0x00007ff89b7a3000 	C:\Program Files\Java\jdk1.8.0_211\jre\bin\instrument.dll
0x00007ff89b5e0000 - 0x00007ff89b5f6000 	C:\Program Files\Java\jdk1.8.0_211\jre\bin\zip.dll
0x00007ff8a0d70000 - 0x00007ff8a1455000 	C:\WINDOWS\System32\SHELL32.dll
0x00007ff8a2690000 - 0x00007ff8a2739000 	C:\WINDOWS\System32\shcore.dll
0x00007ff8a0130000 - 0x00007ff8a08b0000 	C:\WINDOWS\System32\windows.storage.dll
0x00007ff89f760000 - 0x00007ff89f783000 	C:\WINDOWS\System32\profapi.dll
0x00007ff89f710000 - 0x00007ff89f75a000 	C:\WINDOWS\System32\powrprof.dll
0x00007ff89f6c0000 - 0x00007ff89f6d0000 	C:\WINDOWS\System32\UMPDC.dll
0x00007ff8a1500000 - 0x00007ff8a1552000 	C:\WINDOWS\System32\shlwapi.dll
0x00007ff89f6f0000 - 0x00007ff89f701000 	C:\WINDOWS\System32\kernel.appcore.dll
0x00007ff89f790000 - 0x00007ff89f7a7000 	C:\WINDOWS\System32\cryptsp.dll
0x00007ff899bd0000 - 0x00007ff899bea000 	D:\Program Files\JetBrains\IntelliJ IDEA Community Edition 2019.1.2\bin\breakgen64.dll
0x00007ff89b2c0000 - 0x00007ff89b2da000 	C:\Program Files\Java\jdk1.8.0_211\jre\bin\net.dll
0x00007ff88e640000 - 0x00007ff88e815000 	C:\WINDOWS\SYSTEM32\urlmon.dll
0x00007ff890830000 - 0x00007ff890ad6000 	C:\WINDOWS\SYSTEM32\iertutil.dll
0x00007ff89f100000 - 0x00007ff89f10c000 	C:\WINDOWS\SYSTEM32\CRYPTBASE.DLL
0x00007ff89ef30000 - 0x00007ff89ef97000 	C:\WINDOWS\system32\mswsock.dll
0x00007ff8991c0000 - 0x00007ff8991d2000 	C:\Program Files\Java\jdk1.8.0_211\jre\bin\nio.dll

VM Arguments:
jvm_args: -Dmaven.multiModuleProjectDirectory=F:\Git\NightRidePlanner -Dmaven.home=D:\Program Files\JetBrains\IntelliJ IDEA Community Edition 2019.1.2\plugins\maven\lib\maven3 -Dclassworlds.conf=D:\Program Files\JetBrains\IntelliJ IDEA Community Edition 2019.1.2\plugins\maven\lib\maven3\bin\m2.conf -javaagent:D:\Program Files\JetBrains\IntelliJ IDEA Community Edition 2019.1.2\lib\idea_rt.jar=61202:D:\Program Files\JetBrains\IntelliJ IDEA Community Edition 2019.1.2\bin -Dfile.encoding=UTF-8 
java_command: org.codehaus.classworlds.Launcher -Didea.version2019.1.2 -DskipTests=true compile
java_class_path (initial): D:\Program Files\JetBrains\IntelliJ IDEA Community Edition 2019.1.2\plugins\maven\lib\maven3\boot\plexus-classworlds-2.5.2.jar;D:\Program Files\JetBrains\IntelliJ IDEA Community Edition 2019.1.2\lib\idea_rt.jar
Launcher Type: SUN_STANDARD

Environment Variables:
JAVA_HOME=C:\Program Files\Java\jdk1.8.0_211
JRE_HOME=C:\Program Files\Java\jre1.8.0_211
PATH=C:\Python27\;C:\Python27\Scripts;C:\Program Files (x86)\Intel\Intel(R) Management Engine Components\iCLS\;C:\Program Files\Intel\Intel(R) Management Engine Components\iCLS\;C:\Program Files (x86)\Common Files\Oracle\Java\javapath;C:\windows\system32;C:\windows;C:\windows\System32\Wbem;C:\windows\System32\WindowsPowerShell\v1.0\;C:\Program Files (x86)\NVIDIA Corporation\PhysX\Common;C:\WINDOWS\system32;C:\WINDOWS;C:\WINDOWS\System32\Wbem;C:\WINDOWS\System32\WindowsPowerShell\v1.0\;C:\WINDOWS\System32\OpenSSH\;D:\Program Files\Git\cmd;C:\Program Files\NVIDIA Corporation\NVIDIA NvDLISR;C:\Program Files (x86)\Intel\Intel(R) Management Engine Components\DAL;C:\Program Files\Intel\Intel(R) Management Engine Components\DAL;C:\Program Files (x86)\Intel\Intel(R) Management Engine Components\IPT;C:\Program Files\Intel\Intel(R) Management Engine Components\IPT;C:\WINDOWS\system32;C:\WINDOWS;C:\WINDOWS\System32\Wbem;C:\WINDOWS\System32\WindowsPowerShell\v1.0\;C:\WINDOWS\System32\OpenSSH\;C:\Program Files\Intel\WiFi\bin\;C:\Program Files\Common Files\Intel\WirelessCommon\;D:\Program Files\nodejs\;C:\ProgramData\chocolatey\bin;C:\Users\artij\AppData\Local\Microsoft\WindowsApps;D:\Program files\Microsoft VS Code\bin;F:\Users\artij\AppData\Roaming\npm;C:\Gradle\gradle-6.0.1\bin;
USERNAME=artij
OS=Windows_NT
PROCESSOR_IDENTIFIER=Intel64 Family 6 Model 142 Stepping 9, GenuineIntel



---------------  S Y S T E M  ---------------

OS: Windows 10.0 , 64 bit Build 18362 (10.0.18362.329)

CPU:total 4 (initial active 4) (2 cores per cpu, 2 threads per core) family 6 model 142 stepping 9, cmov, cx8, fxsr, mmx, sse, sse2, sse3, ssse3, sse4.1, sse4.2, popcnt, avx, avx2, aes, clmul, erms, 3dnowpref, lzcnt, ht, tsc, tscinvbit, bmi1, bmi2, adx

Memory: 4k page, physical 8271076k(819136k free), swap 12465380k(4132k free)

vm_info: Java HotSpot(TM) 64-Bit Server VM (25.211-b12) for windows-amd64 JRE (1.8.0_211-b12), built on Apr  1 2019 20:53:26 by "java_re" with MS VC++ 10.0 (VS2010)

time: Thu Apr 02 19:09:22 2020
timezone: Œrodkowoeuropejski czas letni
elapsed time: 4 seconds (0d 0h 0m 4s)

