#
# There is insufficient memory for the Java Runtime Environment to continue.
# Native memory allocation (malloc) failed to allocate 32744 bytes for ChunkPool::allocate
# Possible reasons:
#   The system is out of physical RAM or swap space
#   The process is running with CompressedOops enabled, and the Java Heap may be blocking the growth of the native heap
# Possible solutions:
#   Reduce memory load on the system
#   Increase physical memory or swap space
#   Check if swap backing store is full
#   Decrease Java heap size (-Xmx/-Xms)
#   Decrease number of Java threads
#   Decrease Java thread stack sizes (-Xss)
#   Set larger code cache with -XX:ReservedCodeCacheSize=
#   JVM is running with Unscaled Compressed Oops mode in which the Java heap is
#     placed in the first 4GB address space. The Java Heap base address is the
#     maximum limit for the native heap growth. Please use -XX:HeapBaseMinAddress
#     to set the Java Heap base and to place the Java Heap above 4GB virtual address.
# This output file may be truncated or incomplete.
#
#  Out of Memory Error (allocation.cpp:272), pid=13100, tid=0x00000000000038c8
#
# JRE version: Java(TM) SE Runtime Environment (8.0_211-b12) (build 1.8.0_211-b12)
# Java VM: Java HotSpot(TM) 64-Bit Server VM (25.211-b12 mixed mode windows-amd64 compressed oops)
# Failed to write core dump. Minidumps are not enabled by default on client versions of Windows
#

---------------  T H R E A D  ---------------

Current thread (0x0000000019122800):  JavaThread "C2 CompilerThread0" daemon [_thread_in_native, id=14536, stack(0x00000000194c0000,0x00000000195c0000)]

Stack: [0x00000000194c0000,0x00000000195c0000]
[error occurred during error reporting (printing stack bounds), id 0xc0000005]

Native frames: (J=compiled Java code, j=interpreted, Vv=VM code, C=native code)


Current CompileTask:
C2:   7784 3731       4      
[error occurred during error reporting (printing current compile task), id 0xe0000001]


---------------  P R O C E S S  ---------------

Java Threads: ( => current thread )
  0x00000000191c2000 JavaThread "Service Thread" daemon [_thread_blocked, id=7984, stack(0x00000000197c0000,0x00000000198c0000)]
  0x000000001912e000 JavaThread "C1 CompilerThread2" daemon [_thread_blocked, id=1936, stack(0x00000000196c0000,0x00000000197c0000)]
  0x0000000019126800 JavaThread "C2 CompilerThread1" daemon [_thread_in_native, id=10852, stack(0x00000000195c0000,0x00000000196c0000)]
=>0x0000000019122800 JavaThread "C2 CompilerThread0" daemon [_thread_in_native, id=14536, stack(0x00000000194c0000,0x00000000195c0000)]
  0x0000000017771000 JavaThread "JDWP Command Reader" daemon [_thread_in_native, id=19248, stack(0x0000000018fc0000,0x00000000190c0000)]
  0x000000001776d800 JavaThread "JDWP Event Helper Thread" daemon [_thread_blocked, id=16264, stack(0x0000000018ec0000,0x0000000018fc0000)]
  0x0000000017762000 JavaThread "JDWP Transport Listener: dt_socket" daemon [_thread_blocked, id=13808, stack(0x0000000018dc0000,0x0000000018ec0000)]
  0x0000000017758000 JavaThread "Attach Listener" daemon [_thread_blocked, id=15940, stack(0x0000000018cc0000,0x0000000018dc0000)]
  0x0000000002c1e800 JavaThread "Signal Dispatcher" daemon [_thread_blocked, id=4952, stack(0x0000000018bc0000,0x0000000018cc0000)]
  0x0000000002c18000 JavaThread "Finalizer" daemon [_thread_blocked, id=5932, stack(0x00000000189b0000,0x0000000018ab0000)]
  0x000000001773a800 JavaThread "Reference Handler" daemon [_thread_blocked, id=9828, stack(0x00000000188b0000,0x00000000189b0000)]
  0x0000000002b23800 JavaThread "main" [_thread_in_native, id=18780, stack(0x0000000002880000,0x0000000002980000)]

Other Threads:
  0x0000000017718000 VMThread [stack: 0x00000000187b0000,0x00000000188b0000] [id=16684]
  0x00000000191c4800 WatcherThread [stack: 0x00000000198c0000,0x00000000199c0000] [id=124]

VM state:not at safepoint (normal execution)

VM Mutex/Monitor currently owned by a thread: None

heap address: 0x0000000081c00000, size: 2020 MB, Compressed Oops mode: 32-bit
Narrow klass base: 0x0000000000000000, Narrow klass shift: 3
Compressed class space size: 1073741824 Address: 0x0000000100000000

Heap:
 PSYoungGen      total 146944K, used 124042K [0x00000000d5f00000, 0x00000000dfe00000, 0x0000000100000000)
  eden space 132608K, 85% used [0x00000000d5f00000,0x00000000dcdda878,0x00000000de080000)
  from space 14336K, 73% used [0x00000000def00000,0x00000000df948020,0x00000000dfd00000)
  to   space 14848K, 0% used [0x00000000de080000,0x00000000de080000,0x00000000def00000)
 ParOldGen       total 87552K, used 15673K [0x0000000081c00000, 0x0000000087180000, 0x00000000d5f00000)
  object space 87552K, 17% used [0x0000000081c00000,0x0000000082b4e6f8,0x0000000087180000)
 Metaspace       used 20004K, capacity 20496K, committed 20736K, reserved 1067008K
  class space    used 2354K, capacity 2526K, committed 2560K, reserved 1048576K

Card table byte_map: [0x0000000011fe0000,0x00000000123e0000] byte_map_base: 0x0000000011bd2000

Marking Bits: (ParMarkBitMap*) 0x000000006bc45ce0
 Begin Bits: [0x0000000012a90000, 0x0000000014a20000)
 End Bits:   [0x0000000014a20000, 0x00000000169b0000)

Polling page: 0x0000000001060000

CodeCache: size=245760Kb used=14426Kb max_used=14426Kb free=231333Kb
 bounds [0x0000000002c20000, 0x0000000003a40000, 0x0000000011c20000]
 total_blobs=4241 nmethods=3883 adapters=278
 compilation: enabled

Compilation events (10 events):
Event: 7.615 Thread 0x000000001912e000 3925       3       java.lang.ProcessEnvironment$CheckedEntry::getKey (5 bytes)
Event: 7.615 Thread 0x000000001912e000 nmethod 3925 0x0000000003a37010 code [0x0000000003a37180, 0x0000000003a374e8]
Event: 7.615 Thread 0x000000001912e000 3927       3       java.lang.ProcessEnvironment$NameComparator::compare (90 bytes)
Event: 7.616 Thread 0x000000001912e000 nmethod 3927 0x0000000003a37610 code [0x0000000003a37860, 0x0000000003a38618]
Event: 7.616 Thread 0x000000001912e000 3926       3       java.lang.ProcessEnvironment$CheckedEntry::getKey (13 bytes)
Event: 7.616 Thread 0x000000001912e000 nmethod 3926 0x0000000003a38fd0 code [0x0000000003a39140, 0x0000000003a39448]
Event: 7.621 Thread 0x000000001912e000 3930       3       sun.invoke.util.VerifyType::isNullConversion (157 bytes)
Event: 7.623 Thread 0x000000001912e000 nmethod 3930 0x0000000003a39510 code [0x0000000003a39800, 0x0000000003a3b818]
Event: 7.624 Thread 0x000000001912e000 3931       3       java.lang.invoke.MethodType::toMethodDescriptorString (21 bytes)
Event: 7.625 Thread 0x000000001912e000 nmethod 3931 0x0000000003a3bf50 code [0x0000000003a3c160, 0x0000000003a3cc78]

GC Heap History (10 events):
Event: 1.939 GC heap before
{Heap before GC invocations=2 (full 0):
 PSYoungGen      total 38400K, used 37695K [0x00000000d5f00000, 0x00000000d8980000, 0x0000000100000000)
  eden space 33280K, 100% used [0x00000000d5f00000,0x00000000d7f80000,0x00000000d7f80000)
  from space 5120K, 86% used [0x00000000d7f80000,0x00000000d83cfed8,0x00000000d8480000)
  to   space 5120K, 0% used [0x00000000d8480000,0x00000000d8480000,0x00000000d8980000)
 ParOldGen       total 87552K, used 8K [0x0000000081c00000, 0x0000000087180000, 0x00000000d5f00000)
  object space 87552K, 0% used [0x0000000081c00000,0x0000000081c02000,0x0000000087180000)
 Metaspace       used 10588K, capacity 10782K, committed 10880K, reserved 1058816K
  class space    used 1317K, capacity 1383K, committed 1408K, reserved 1048576K
Event: 1.947 GC heap after
Heap after GC invocations=2 (full 0):
 PSYoungGen      total 38400K, used 5106K [0x00000000d5f00000, 0x00000000d8980000, 0x0000000100000000)
  eden space 33280K, 0% used [0x00000000d5f00000,0x00000000d5f00000,0x00000000d7f80000)
  from space 5120K, 99% used [0x00000000d8480000,0x00000000d897cb10,0x00000000d8980000)
  to   space 5120K, 0% used [0x00000000d7f80000,0x00000000d7f80000,0x00000000d8480000)
 ParOldGen       total 87552K, used 519K [0x0000000081c00000, 0x0000000087180000, 0x00000000d5f00000)
  object space 87552K, 0% used [0x0000000081c00000,0x0000000081c81cc0,0x0000000087180000)
 Metaspace       used 10588K, capacity 10782K, committed 10880K, reserved 1058816K
  class space    used 1317K, capacity 1383K, committed 1408K, reserved 1048576K
}
Event: 2.963 GC heap before
{Heap before GC invocations=3 (full 0):
 PSYoungGen      total 38400K, used 38386K [0x00000000d5f00000, 0x00000000d8980000, 0x0000000100000000)
  eden space 33280K, 100% used [0x00000000d5f00000,0x00000000d7f80000,0x00000000d7f80000)
  from space 5120K, 99% used [0x00000000d8480000,0x00000000d897cb10,0x00000000d8980000)
  to   space 5120K, 0% used [0x00000000d7f80000,0x00000000d7f80000,0x00000000d8480000)
 ParOldGen       total 87552K, used 519K [0x0000000081c00000, 0x0000000087180000, 0x00000000d5f00000)
  object space 87552K, 0% used [0x0000000081c00000,0x0000000081c81cc0,0x0000000087180000)
 Metaspace       used 14490K, capacity 14730K, committed 14976K, reserved 1062912K
  class space    used 1797K, capacity 1875K, committed 1920K, reserved 1048576K
Event: 2.979 GC heap after
Heap after GC invocations=3 (full 0):
 PSYoungGen      total 38400K, used 5088K [0x00000000d5f00000, 0x00000000daa00000, 0x0000000100000000)
  eden space 33280K, 0% used [0x00000000d5f00000,0x00000000d5f00000,0x00000000d7f80000)
  from space 5120K, 99% used [0x00000000d7f80000,0x00000000d8478040,0x00000000d8480000)
  to   space 5120K, 0% used [0x00000000da500000,0x00000000da500000,0x00000000daa00000)
 ParOldGen       total 87552K, used 3240K [0x0000000081c00000, 0x0000000087180000, 0x00000000d5f00000)
  object space 87552K, 3% used [0x0000000081c00000,0x0000000081f2a0f0,0x0000000087180000)
 Metaspace       used 14490K, capacity 14730K, committed 14976K, reserved 1062912K
  class space    used 1797K, capacity 1875K, committed 1920K, reserved 1048576K
}
Event: 3.491 GC heap before
{Heap before GC invocations=4 (full 0):
 PSYoungGen      total 38400K, used 38368K [0x00000000d5f00000, 0x00000000daa00000, 0x0000000100000000)
  eden space 33280K, 100% used [0x00000000d5f00000,0x00000000d7f80000,0x00000000d7f80000)
  from space 5120K, 99% used [0x00000000d7f80000,0x00000000d8478040,0x00000000d8480000)
  to   space 5120K, 0% used [0x00000000da500000,0x00000000da500000,0x00000000daa00000)
 ParOldGen       total 87552K, used 3240K [0x0000000081c00000, 0x0000000087180000, 0x00000000d5f00000)
  object space 87552K, 3% used [0x0000000081c00000,0x0000000081f2a0f0,0x0000000087180000)
 Metaspace       used 14892K, capacity 15150K, committed 15232K, reserved 1062912K
  class space    used 1814K, capacity 1881K, committed 1920K, reserved 1048576K
Event: 3.509 GC heap after
Heap after GC invocations=4 (full 0):
 PSYoungGen      total 71680K, used 5104K [0x00000000d5f00000, 0x00000000daa00000, 0x0000000100000000)
  eden space 66560K, 0% used [0x00000000d5f00000,0x00000000d5f00000,0x00000000da000000)
  from space 5120K, 99% used [0x00000000da500000,0x00000000da9fc010,0x00000000daa00000)
  to   space 5120K, 0% used [0x00000000da000000,0x00000000da000000,0x00000000da500000)
 ParOldGen       total 87552K, used 8254K [0x0000000081c00000, 0x0000000087180000, 0x00000000d5f00000)
  object space 87552K, 9% used [0x0000000081c00000,0x000000008240f920,0x0000000087180000)
 Metaspace       used 14892K, capacity 15150K, committed 15232K, reserved 1062912K
  class space    used 1814K, capacity 1881K, committed 1920K, reserved 1048576K
}
Event: 4.299 GC heap before
{Heap before GC invocations=5 (full 0):
 PSYoungGen      total 71680K, used 71664K [0x00000000d5f00000, 0x00000000daa00000, 0x0000000100000000)
  eden space 66560K, 100% used [0x00000000d5f00000,0x00000000da000000,0x00000000da000000)
  from space 5120K, 99% used [0x00000000da500000,0x00000000da9fc010,0x00000000daa00000)
  to   space 5120K, 0% used [0x00000000da000000,0x00000000da000000,0x00000000da500000)
 ParOldGen       total 87552K, used 8254K [0x0000000081c00000, 0x0000000087180000, 0x00000000d5f00000)
  object space 87552K, 9% used [0x0000000081c00000,0x000000008240f920,0x0000000087180000)
 Metaspace       used 15499K, capacity 15724K, committed 15744K, reserved 1062912K
  class space    used 1853K, capacity 1918K, committed 1920K, reserved 1048576K
Event: 4.325 GC heap after
Heap after GC invocations=5 (full 0):
 PSYoungGen      total 71680K, used 5104K [0x00000000d5f00000, 0x00000000dfd00000, 0x0000000100000000)
  eden space 66560K, 0% used [0x00000000d5f00000,0x00000000d5f00000,0x00000000da000000)
  from space 5120K, 99% used [0x00000000da000000,0x00000000da4fc030,0x00000000da500000)
  to   space 14336K, 0% used [0x00000000def00000,0x00000000def00000,0x00000000dfd00000)
 ParOldGen       total 87552K, used 15665K [0x0000000081c00000, 0x0000000087180000, 0x00000000d5f00000)
  object space 87552K, 17% used [0x0000000081c00000,0x0000000082b4c6f8,0x0000000087180000)
 Metaspace       used 15499K, capacity 15724K, committed 15744K, reserved 1062912K
  class space    used 1853K, capacity 1918K, committed 1920K, reserved 1048576K
}
Event: 5.248 GC heap before
{Heap before GC invocations=6 (full 0):
 PSYoungGen      total 71680K, used 71664K [0x00000000d5f00000, 0x00000000dfd00000, 0x0000000100000000)
  eden space 66560K, 100% used [0x00000000d5f00000,0x00000000da000000,0x00000000da000000)
  from space 5120K, 99% used [0x00000000da000000,0x00000000da4fc030,0x00000000da500000)
  to   space 14336K, 0% used [0x00000000def00000,0x00000000def00000,0x00000000dfd00000)
 ParOldGen       total 87552K, used 15665K [0x0000000081c00000, 0x0000000087180000, 0x00000000d5f00000)
  object space 87552K, 17% used [0x0000000081c00000,0x0000000082b4c6f8,0x0000000087180000)
 Metaspace       used 15965K, capacity 16222K, committed 16384K, reserved 1062912K
  class space    used 1868K, capacity 1953K, committed 2048K, reserved 1048576K
Event: 5.274 GC heap after
Heap after GC invocations=6 (full 0):
 PSYoungGen      total 146944K, used 10528K [0x00000000d5f00000, 0x00000000dfe00000, 0x0000000100000000)
  eden space 132608K, 0% used [0x00000000d5f00000,0x00000000d5f00000,0x00000000de080000)
  from space 14336K, 73% used [0x00000000def00000,0x00000000df948020,0x00000000dfd00000)
  to   space 14848K, 0% used [0x00000000de080000,0x00000000de080000,0x00000000def00000)
 ParOldGen       total 87552K, used 15673K [0x0000000081c00000, 0x0000000087180000, 0x00000000d5f00000)
  object space 87552K, 17% used [0x0000000081c00000,0x0000000082b4e6f8,0x0000000087180000)
 Metaspace       used 15965K, capacity 16222K, committed 16384K, reserved 1062912K
  class space    used 1868K, capacity 1953K, committed 2048K, reserved 1048576K
}

Deoptimization events (10 events):
Event: 6.114 Thread 0x0000000002b23800 Uncommon trap: reason=bimorphic action=maybe_recompile pc=0x0000000003237844 method=java.util.regex.Pattern$CharProperty.match(Ljava/util/regex/Matcher;ILjava/lang/CharSequence;)Z @ 37
Event: 6.128 Thread 0x0000000002b23800 Uncommon trap: reason=unstable_if action=reinterpret pc=0x0000000003798b00 method=com.google.inject.internal.InjectorImpl.callInContext(Lcom/google/inject/internal/ContextualCallable;)Ljava/lang/Object; @ 161
Event: 6.749 Thread 0x0000000002b23800 Uncommon trap: reason=class_check action=maybe_recompile pc=0x00000000032da9f8 method=org.codehaus.plexus.interpolation.MapBasedValueSource.getValue(Ljava/lang/String;)Ljava/lang/Object; @ 16
Event: 6.999 Thread 0x0000000002b23800 Uncommon trap: reason=class_check action=maybe_recompile pc=0x00000000036e2468 method=org.eclipse.sisu.wire.EntryListAdapter$ValueIterator.hasNext()Z @ 4
Event: 7.049 Thread 0x0000000002b23800 Uncommon trap: reason=unstable_if action=reinterpret pc=0x00000000039735b4 method=java.util.jar.Manifest$FastInputStream.readLine([BII)I @ 87
Event: 7.389 Thread 0x0000000002b23800 Uncommon trap: reason=bimorphic action=maybe_recompile pc=0x0000000003237844 method=java.util.regex.Pattern$CharProperty.match(Ljava/util/regex/Matcher;ILjava/lang/CharSequence;)Z @ 37
Event: 7.613 Thread 0x0000000002b23800 Uncommon trap: reason=class_check action=maybe_recompile pc=0x000000000359f960 method=java.util.Collections$UnmodifiableMap.size()I @ 4
Event: 7.628 Thread 0x0000000002b23800 Uncommon trap: reason=class_check action=maybe_recompile pc=0x0000000003443860 method=java.util.Hashtable.put(Ljava/lang/Object;Ljava/lang/Object;)Ljava/lang/Object; @ 18
Event: 7.628 Thread 0x0000000002b23800 Uncommon trap: reason=class_check action=maybe_recompile pc=0x00000000032cd15c method=java.util.Hashtable.get(Ljava/lang/Object;)Ljava/lang/Object; @ 6
Event: 7.628 Thread 0x0000000002b23800 Uncommon trap: reason=class_check action=maybe_recompile pc=0x0000000003443860 method=java.util.Hashtable.put(Ljava/lang/Object;Ljava/lang/Object;)Ljava/lang/Object; @ 18

Classes redefined (0 events):
No events

Internal exceptions (10 events):
Event: 3.856 Thread 0x0000000002b23800 Implicit null exception at 0x00000000033243d7 to 0x00000000033247d9
Event: 3.856 Thread 0x0000000002b23800 Implicit null exception at 0x00000000031e0707 to 0x00000000031e0841
Event: 3.856 Thread 0x0000000002b23800 Implicit null exception at 0x00000000030a9058 to 0x00000000030a90e6
Event: 4.077 Thread 0x0000000002b23800 Implicit null exception at 0x00000000034691c8 to 0x000000000346a7e5
Event: 5.598 Thread 0x0000000002b23800 Implicit null exception at 0x00000000035314b7 to 0x0000000003533015
Event: 6.128 Thread 0x0000000002b23800 Implicit null exception at 0x0000000003796d77 to 0x0000000003798adf
Event: 7.283 Thread 0x0000000002b23800 Exception <a 'java/lang/NoClassDefFoundError': org/sonatype/aether/version/VersionConstraint> (0x00000000dc2de910) thrown at [C:\re\workspace\8-2-build-windows-amd64-cygwin\jdk8u211\12973\hotspot\src\share\vm\classfile\systemDictionary.cpp, line 199]
Event: 7.510 Thread 0x0000000002b23800 Exception <a 'java/lang/NoSuchFieldError': method resolution failed> (0x00000000dc997d18) thrown at [C:\re\workspace\8-2-build-windows-amd64-cygwin\jdk8u211\12973\hotspot\src\share\vm\prims\methodHandles.cpp, line 1167]
Event: 7.514 Thread 0x0000000002b23800 Exception <a 'java/lang/NoSuchFieldError': method resolution failed> (0x00000000dc9a6518) thrown at [C:\re\workspace\8-2-build-windows-amd64-cygwin\jdk8u211\12973\hotspot\src\share\vm\prims\methodHandles.cpp, line 1167]
Event: 7.551 Thread 0x0000000002b23800 Exception <a 'java/lang/NoSuchMethodError': java.lang.Object.lambda$comparing$77a9974f$1(Ljava/util/function/Function;Ljava/lang/Object;Ljava/lang/Object;)I> (0x00000000dca79bc8) thrown at [C:\re\workspace\8-2-build-windows-amd64-cygwin\jdk8u211\12973\hot

Events (10 events):
Event: 7.627 loading class sun/invoke/util/VerifyAccess$1 done
Event: 7.628 Thread 0x0000000002b23800 Uncommon trap: trap_request=0xffffffde fr.pc=0x0000000003443860
Event: 7.628 Thread 0x0000000002b23800 DEOPT PACKING pc=0x0000000003443860 sp=0x000000000297dcd0
Event: 7.628 Thread 0x0000000002b23800 DEOPT UNPACKING pc=0x0000000002c6583b sp=0x000000000297dcf0 mode 2
Event: 7.628 Thread 0x0000000002b23800 Uncommon trap: trap_request=0xffffffde fr.pc=0x00000000032cd15c
Event: 7.628 Thread 0x0000000002b23800 DEOPT PACKING pc=0x00000000032cd15c sp=0x000000000297dd30
Event: 7.628 Thread 0x0000000002b23800 DEOPT UNPACKING pc=0x0000000002c6583b sp=0x000000000297dcf8 mode 2
Event: 7.628 Thread 0x0000000002b23800 Uncommon trap: trap_request=0xffffffde fr.pc=0x0000000003443860
Event: 7.628 Thread 0x0000000002b23800 DEOPT PACKING pc=0x0000000003443860 sp=0x000000000297dcc0
Event: 7.628 Thread 0x0000000002b23800 DEOPT UNPACKING pc=0x0000000002c6583b sp=0x000000000297dce0 mode 2


Dynamic libraries:
0x00007ff71df60000 - 0x00007ff71df97000 	C:\Program Files\Java\jdk1.8.0_211\bin\java.exe
0x00007ff8a2800000 - 0x00007ff8a29f0000 	C:\WINDOWS\SYSTEM32\ntdll.dll
0x00007ff8a0b80000 - 0x00007ff8a0c32000 	C:\WINDOWS\System32\KERNEL32.DLL
0x00007ff89f910000 - 0x00007ff89fbb3000 	C:\WINDOWS\System32\KERNELBASE.dll
0x00007ff8a23c0000 - 0x00007ff8a2463000 	C:\WINDOWS\System32\ADVAPI32.dll
0x00007ff8a1640000 - 0x00007ff8a16de000 	C:\WINDOWS\System32\msvcrt.dll
0x00007ff8a1460000 - 0x00007ff8a14f7000 	C:\WINDOWS\System32\sechost.dll
0x00007ff8a08b0000 - 0x00007ff8a09d0000 	C:\WINDOWS\System32\RPCRT4.dll
0x00007ff8a1900000 - 0x00007ff8a1a94000 	C:\WINDOWS\System32\USER32.dll
0x00007ff89f860000 - 0x00007ff89f881000 	C:\WINDOWS\System32\win32u.dll
0x00007ff8a1b70000 - 0x00007ff8a1b96000 	C:\WINDOWS\System32\GDI32.dll
0x00007ff89fc10000 - 0x00007ff89fda4000 	C:\WINDOWS\System32\gdi32full.dll
0x00007ff8a0090000 - 0x00007ff8a012e000 	C:\WINDOWS\System32\msvcp_win.dll
0x00007ff89ff90000 - 0x00007ff8a008a000 	C:\WINDOWS\System32\ucrtbase.dll
0x00007ff891fd0000 - 0x00007ff892255000 	C:\WINDOWS\WinSxS\amd64_microsoft.windows.common-controls_6595b64144ccf1df_6.0.18362.720_none_e6beb5c51314836b\COMCTL32.dll
0x00007ff8a1ba0000 - 0x00007ff8a1ed6000 	C:\WINDOWS\System32\combase.dll
0x00007ff89f890000 - 0x00007ff89f910000 	C:\WINDOWS\System32\bcryptPrimitives.dll
0x00007ff8a16e0000 - 0x00007ff8a170e000 	C:\WINDOWS\System32\IMM32.DLL
0x000000006bcd0000 - 0x000000006bda2000 	C:\Program Files\Java\jdk1.8.0_211\jre\bin\msvcr100.dll
0x000000006b420000 - 0x000000006bcc5000 	C:\Program Files\Java\jdk1.8.0_211\jre\bin\server\jvm.dll
0x00007ff8a23b0000 - 0x00007ff8a23b8000 	C:\WINDOWS\System32\PSAPI.DLL
0x00007ff89cfc0000 - 0x00007ff89cfe4000 	C:\WINDOWS\SYSTEM32\WINMM.dll
0x00007ff88ba90000 - 0x00007ff88ba99000 	C:\WINDOWS\SYSTEM32\WSOCK32.dll
0x00007ff89a960000 - 0x00007ff89a96a000 	C:\WINDOWS\SYSTEM32\VERSION.dll
0x00007ff8a2470000 - 0x00007ff8a24df000 	C:\WINDOWS\System32\WS2_32.dll
0x00007ff89cf40000 - 0x00007ff89cf6d000 	C:\WINDOWS\SYSTEM32\winmmbase.dll
0x00007ff89fbc0000 - 0x00007ff89fc0a000 	C:\WINDOWS\System32\cfgmgr32.dll
0x00007ff89b790000 - 0x00007ff89b79f000 	C:\Program Files\Java\jdk1.8.0_211\jre\bin\verify.dll
0x00007ff898c90000 - 0x00007ff898cb9000 	C:\Program Files\Java\jdk1.8.0_211\jre\bin\java.dll
0x00007ff897bc0000 - 0x00007ff897bf5000 	C:\Program Files\Java\jdk1.8.0_211\jre\bin\jdwp.dll
0x00007ff89b780000 - 0x00007ff89b788000 	C:\Program Files\Java\jdk1.8.0_211\jre\bin\npt.dll
0x00007ff895400000 - 0x00007ff895423000 	C:\Program Files\Java\jdk1.8.0_211\jre\bin\instrument.dll
0x00007ff89a580000 - 0x00007ff89a596000 	C:\Program Files\Java\jdk1.8.0_211\jre\bin\zip.dll
0x00007ff8a0d70000 - 0x00007ff8a1455000 	C:\WINDOWS\System32\SHELL32.dll
0x00007ff8a2690000 - 0x00007ff8a2739000 	C:\WINDOWS\System32\shcore.dll
0x00007ff8a0130000 - 0x00007ff8a08b0000 	C:\WINDOWS\System32\windows.storage.dll
0x00007ff89f760000 - 0x00007ff89f783000 	C:\WINDOWS\System32\profapi.dll
0x00007ff89f710000 - 0x00007ff89f75a000 	C:\WINDOWS\System32\powrprof.dll
0x00007ff89f6c0000 - 0x00007ff89f6d0000 	C:\WINDOWS\System32\UMPDC.dll
0x00007ff8a1500000 - 0x00007ff8a1552000 	C:\WINDOWS\System32\shlwapi.dll
0x00007ff89f6f0000 - 0x00007ff89f701000 	C:\WINDOWS\System32\kernel.appcore.dll
0x00007ff89f790000 - 0x00007ff89f7a7000 	C:\WINDOWS\System32\cryptsp.dll
0x00007ff897cf0000 - 0x00007ff897cf9000 	C:\Program Files\Java\jdk1.8.0_211\jre\bin\dt_socket.dll
0x00007ff89ef30000 - 0x00007ff89ef97000 	C:\WINDOWS\system32\mswsock.dll
0x00007ff899b10000 - 0x00007ff899b2a000 	C:\Program Files\Java\jdk1.8.0_211\jre\bin\net.dll
0x00007ff88e640000 - 0x00007ff88e815000 	C:\WINDOWS\SYSTEM32\urlmon.dll
0x00007ff890830000 - 0x00007ff890ad6000 	C:\WINDOWS\SYSTEM32\iertutil.dll
0x00007ff89f100000 - 0x00007ff89f10c000 	C:\WINDOWS\SYSTEM32\CRYPTBASE.DLL
0x00007ff897ab0000 - 0x00007ff897ac2000 	C:\Program Files\Java\jdk1.8.0_211\jre\bin\nio.dll

VM Arguments:
jvm_args: -agentlib:jdwp=transport=dt_socket,address=127.0.0.1:63555,suspend=y,server=n -Dmaven.multiModuleProjectDirectory=F:\Git\NightRidePlanner\NightRightPlannerServer -Dmaven.home=D:\Program Files\JetBrains\IntelliJ IDEA Community Edition 2019.1.2\plugins\maven\lib\maven3 -Dclassworlds.conf=D:\Program Files\JetBrains\IntelliJ IDEA Community Edition 2019.1.2\plugins\maven\lib\maven3\bin\m2.conf -javaagent:C:\Users\artij\.IdeaIC2019.1\system\captureAgent\debugger-agent.jar -Dfile.encoding=UTF-8 
java_command: org.codehaus.classworlds.Launcher -Didea.version2019.1.2 -DskipTests=true spring-boot:run
java_class_path (initial): D:\Program Files\JetBrains\IntelliJ IDEA Community Edition 2019.1.2\plugins\maven\lib\maven3\boot\plexus-classworlds-2.5.2.jar;D:\Program Files\JetBrains\IntelliJ IDEA Community Edition 2019.1.2\lib\idea_rt.jar;C:\Users\artij\.IdeaIC2019.1\system\captureAgent\debugger-agent.jar
Launcher Type: SUN_STANDARD

Environment Variables:
JAVA_HOME=C:\Program Files\Java\jdk1.8.0_211
JRE_HOME=C:\Program Files\Java\jre1.8.0_211
PATH=C:\Python27\;C:\Python27\Scripts;C:\Program Files (x86)\Intel\Intel(R) Management Engine Components\iCLS\;C:\Program Files\Intel\Intel(R) Management Engine Components\iCLS\;C:\Program Files (x86)\Common Files\Oracle\Java\javapath;C:\windows\system32;C:\windows;C:\windows\System32\Wbem;C:\windows\System32\WindowsPowerShell\v1.0\;C:\Program Files (x86)\NVIDIA Corporation\PhysX\Common;C:\WINDOWS\system32;C:\WINDOWS;C:\WINDOWS\System32\Wbem;C:\WINDOWS\System32\WindowsPowerShell\v1.0\;C:\WINDOWS\System32\OpenSSH\;D:\Program Files\Git\cmd;C:\Program Files\NVIDIA Corporation\NVIDIA NvDLISR;C:\Program Files (x86)\Intel\Intel(R) Management Engine Components\DAL;C:\Program Files\Intel\Intel(R) Management Engine Components\DAL;C:\Program Files (x86)\Intel\Intel(R) Management Engine Components\IPT;C:\Program Files\Intel\Intel(R) Management Engine Components\IPT;C:\WINDOWS\system32;C:\WINDOWS;C:\WINDOWS\System32\Wbem;C:\WINDOWS\System32\WindowsPowerShell\v1.0\;C:\WINDOWS\System32\OpenSSH\;C:\Program Files\Intel\WiFi\bin\;C:\Program Files\Common Files\Intel\WirelessCommon\;D:\Program Files\nodejs\;C:\ProgramData\chocolatey\bin;C:\Users\artij\AppData\Local\Microsoft\WindowsApps;D:\Program files\Microsoft VS Code\bin;F:\Users\artij\AppData\Roaming\npm;C:\Gradle\gradle-6.0.1\bin;
USERNAME=artij
OS=Windows_NT
PROCESSOR_IDENTIFIER=Intel64 Family 6 Model 142 Stepping 9, GenuineIntel



---------------  S Y S T E M  ---------------

OS: Windows 10.0 , 64 bit Build 18362 (10.0.18362.329)

CPU:total 4 (initial active 4) (2 cores per cpu, 2 threads per core) family 6 model 142 stepping 9, cmov, cx8, fxsr, mmx, sse, sse2, sse3, ssse3, sse4.1, sse4.2, popcnt, avx, avx2, aes, clmul, erms, 3dnowpref, lzcnt, ht, tsc, tscinvbit, bmi1, bmi2, adx

Memory: 4k page, physical 8271076k(838368k free), swap 12465380k(4804k free)

vm_info: Java HotSpot(TM) 64-Bit Server VM (25.211-b12) for windows-amd64 JRE (1.8.0_211-b12), built on Apr  1 2019 20:53:26 by "java_re" with MS VC++ 10.0 (VS2010)

time: Sat Apr 04 17:48:51 2020
timezone: Œrodkowoeuropejski czas letni
elapsed time: 7 seconds (0d 0h 0m 7s)

